<!--
  ~ Copyright 2018 Broadband Forum
  ~
  ~ Licensed under the Apache License, Version 2.0 (the "License");
  ~ you may not use this file except in compliance with the License.
  ~ You may obtain a copy of the License at
  ~
  ~     http://www.apache.org/licenses/LICENSE-2.0
  ~
  ~ Unless required by applicable law or agreed to in writing, software
  ~ distributed under the License is distributed on an "AS IS" BASIS,
  ~ WITHOUT WARRANTIES OR CONDITIONS OF ANY KIND, either express or implied.
  ~ See the License for the specific language governing permissions and
  ~ limitations under the License.
  -->

<beans xmlns="http://www.springframework.org/schema/beans" xmlns:xsi="http://www.w3.org/2001/XMLSchema-instance"
       xsi:schemaLocation="http://www.springframework.org/schema/beans http://www.springframework.org/schema/beans/spring-beans-3.2.xsd">

    <bean id="lockService" class="org.broadband_forum.obbaa.netconf.mn.fwk.util.ReadWriteLockServiceImpl"/>

    <bean id="schemaMountRegistry" class="org.broadband_forum.obbaa.netconf.mn.fwk.schema.support.SchemaMountRegistryImpl" />
    <bean id="schemaRegistry" class="org.broadband_forum.obbaa.netconf.mn.fwk.schema.SchemaRegistryImpl">
        <constructor-arg>
            <list/>
        </constructor-arg>
        <constructor-arg>
            <set/>
        </constructor-arg>
        <constructor-arg>
            <map/>
        </constructor-arg>
        <constructor-arg ref="lockService"/>
        <property name="schemaMountRegistry" ref="schemaMountRegistry" />
    </bean>

    <bean id="modelNodeHelperRegistry" class="org.broadband_forum.obbaa.netconf.mn.fwk.server.model.support.ModelNodeHelperRegistryImpl">
        <constructor-arg ref="schemaRegistry"/>
    </bean>

    <bean id="aggregatedDSM" class="org.broadband_forum.obbaa.netconf.mn.fwk.server.model.support.emn.AggregatedDSM">
        <constructor-arg ref="modelNodeDSMRegistry"/>
    </bean>

    <bean id="annotationBasedDSM"
          class="org.broadband_forum.obbaa.netconf.mn.fwk.server.model.support.emn.AnnotationBasedModelNodeDataStoreManager">
        <constructor-arg ref="persistenceMgrUtil" />
        <constructor-arg ref="entityRegistry" />
        <constructor-arg ref="schemaRegistry" />
        <constructor-arg ref="modelNodeHelperRegistry" />
        <constructor-arg ref="subsystemRegistry"/>
        <constructor-arg ref="modelNodeDSMRegistry" />
    </bean>

    <bean id="subsystemRegistry" class="org.broadband_forum.obbaa.netconf.mn.fwk.server.model.SubSystemRegistryImpl"/>

    <bean id="rootModelNodeAggregator" class="org.broadband_forum.obbaa.netconf.mn.fwk.server.model.support.RootModelNodeAggregatorImpl">
        <constructor-arg ref="schemaRegistry"/>
        <constructor-arg ref="modelNodeHelperRegistry"/>
        <constructor-arg ref="aggregatedDSM"/>
        <constructor-arg ref="subsystemRegistry"/>
    </bean>

    <bean id="expressionValidator"
          class="org.broadband_forum.obbaa.netconf.mn.fwk.server.model.support.constraints.validation.util.DSExpressionValidator">
        <constructor-arg ref="schemaRegistry"/>
        <constructor-arg ref="modelNodeHelperRegistry"/>
        <constructor-arg ref="subsystemRegistry"/>
    </bean>

    <bean id="nbiNotificationHelper" class="org.broadband_forum.obbaa.netconf.mn.fwk.server.model.NbiNotificationHelperImpl">
    </bean>

    <bean id="netconfServer" class="org.broadband_forum.obbaa.netconf.mn.fwk.server.model.NetConfServerImpl">
        <constructor-arg ref="schemaRegistry"/>
        <property name="runningDataStore" ref="runningDataStoreProxy"/>
    </bean>

    <bean id="runningDataStore" class="org.broadband_forum.obbaa.netconf.mn.fwk.server.model.DataStore">
        <constructor-arg value="RUNNING"/>
        <constructor-arg ref="rootModelNodeAggregator"/>
        <constructor-arg ref="subsystemRegistry"/>
        <constructor-arg ref="dataStoreValidator"/>
        <property name="nbiNotificationHelper" ref="nbiNotificationHelper"/>
    </bean>

    <bean id="dataStoreTransactionInterceptor" class="org.broadband_forum.obbaa.dmyang.interceptor.DataStoreTransactionInterceptor">
    </bean>

    <bean id="runningDataStoreProxy" class="org.springframework.aop.framework.ProxyFactoryBean">
        <property name="target" ref="runningDataStore" />
        <property name="interceptorNames">
            <list>
                <value>dataStoreTransactionInterceptor</value>
            </list>
        </property>
    </bean>

    <bean id="dataStoreValidator" class="org.broadband_forum.obbaa.netconf.mn.fwk.server.model.support.constraints.validation.DataStoreValidatorImpl">
        <constructor-arg ref="schemaRegistry" />
        <constructor-arg ref="modelNodeHelperRegistry" />
        <constructor-arg ref="aggregatedDSM" />
        <constructor-arg ref="dataStoreIntegrityService" />
        <constructor-arg ref="expressionValidator" />
    </bean>

    <bean id="dataStoreIntegrityService" class="org.broadband_forum.obbaa.netconf.mn.fwk.server.model.support.constraints.validation.service.DataStoreIntegrityServiceImpl">
        <constructor-arg ref="netconfServer"/>
    </bean>

    <bean id="modelNodeDSMRegistry" class="org.broadband_forum.obbaa.netconf.mn.fwk.server.model.datastore.ModelNodeDSMRegistryImpl"/>
    <bean id="rpcRequestHandlerRegistry" class="org.broadband_forum.obbaa.netconf.mn.fwk.server.model.RpcRequestHandlerRegistryImpl"/>
    <bean id="entityRegistry" class="org.broadband_forum.obbaa.netconf.mn.fwk.server.model.support.emn.EntityRegistryImpl"/>

    <bean id="modelNodeHelperDeployer" class="org.broadband_forum.obbaa.netconf.mn.fwk.server.model.support.emn.EntityModelNodeHelperDeployer">
        <constructor-arg ref="modelNodeHelperRegistry"/>
        <constructor-arg ref="schemaRegistry"/>
        <constructor-arg ref="aggregatedDSM"/>
        <constructor-arg ref="entityRegistry"/>
        <constructor-arg ref="subsystemRegistry"/>
    </bean>

    <bean id="emFactory" class="org.broadband_forum.obbaa.netconf.persistence.jpa.JPAEntityManagerFactory">
        <constructor-arg value="testhsql"/>
        <constructor-arg><map/></constructor-arg>
    </bean>
    <bean id="persistenceMgrUtil" class="org.broadband_forum.obbaa.netconf.persistence.jpa.ThreadLocalPersistenceManagerUtil">
        <constructor-arg ref="emFactory"/>
    </bean>
    <bean id="dbMetaDao" class="org.broadband_forum.obbaa.dmyang.persistence.jpa.DbVersionDao">
        <constructor-arg ref="persistenceMgrUtil"/>
    </bean>
    <bean id="dataStoreMetaProvider" class="org.broadband_forum.obbaa.dmyang.persistence.jpa.DefaultDataStoreMetaProvider">
        <constructor-arg ref="dbMetaDao"/>
    </bean>
    <bean id="jpaModelServiceDeployer" class="org.broadband_forum.obbaa.netconf.mn.fwk.server.model.service.ModelServiceDeployerImpl">
        <constructor-arg ref="modelNodeDSMRegistry" />
        <constructor-arg ref="modelNodeHelperRegistry" />
        <constructor-arg ref="subsystemRegistry"/>
        <constructor-arg ref="rpcRequestHandlerRegistry" />
        <constructor-arg ref="modelNodeHelperDeployer" />
        <constructor-arg ref="schemaRegistry" />
        <constructor-arg ref="lockService"/>
        <property name="rootModelNodeAggregator" ref="rootModelNodeAggregator" />
        <property name="entityRegistry" ref="entityRegistry" />
        <property name="dataStoreMetadataProvider" ref="dataStoreMetaProvider"/>
        <property name="netconfServer" ref="netconfServer"/>
    </bean>

    <bean id="notificationLogger" class="org.broadband_forum.obbaa.netconf.server.model.notification.NotificationLoggerImpl">
        <constructor-arg>
            <list/>
        </constructor-arg>
    </bean>

    <bean id="nbiNotificationsCounterInterceptor" class="org.broadband_forum.obbaa.netconf.stack.DefaultNcNotificationCounterService"/>

    <bean id="netconfLogger" class="org.broadband_forum.obbaa.netconf.api.logger.DefaultNetconfLogger"/>

    <bean id="notificationService" class="org.broadband_forum.obbaa.netconf.server.model.notification.NotificationServiceImpl">
        <constructor-arg>
            <list/>
        </constructor-arg>
        <constructor-arg ref="notificationLogger"/>
        <constructor-arg>
            <null/>
        </constructor-arg>
        <constructor-arg >
            <bean class="java.util.concurrent.Executors" factory-method="newCachedThreadPool">
            </bean>
        </constructor-arg>
        <constructor-arg ref="netconfLogger" />
        <constructor-arg ref="nbiNotificationsCounterInterceptor" />
    </bean>

    <bean id="transactionService" class="org.broadband_forum.obbaa.netconf.mn.fwk.server.model.support.utils.TxService">
    </bean>

    <bean id="internalAlarmService" class="org.broadband_forum.obbaa.netconf.alarm.service.DefaultInternalAlarmServiceImpl">
        <constructor-arg ref="schemaRegistry" />
        <constructor-arg ref="persistenceMgrUtil" />
        <constructor-arg ref="annotationBasedDSM" />
        <constructor-arg ref="notificationService" />
        <constructor-arg ref="transactionService" />
    </bean>


    <bean id="alarmQueue" class="org.broadband_forum.obbaa.netconf.alarm.service.AlarmQueue">
        <constructor-arg ref="internalAlarmService" />
    </bean>

    <bean id="alarmService" class="org.broadband_forum.obbaa.netconf.alarm.service.AlarmServiceImpl">
        <constructor-arg ref="persistenceMgrUtil" />
        <constructor-arg ref="alarmQueue" />
    </bean>

    <bean id="standardModelRegistrator" class="org.broadband_forum.obbaa.device.registrator.impl.StandardModelRegistrator">
        <constructor-arg ref="notificationService" />
        <constructor-arg ref="alarmService" />
    </bean>

    <bean id="adapterMgr" class="org.broadband_forum.obbaa.device.adapter.impl.AdapterManagerImpl">
        <constructor-arg ref="annotationBasedDSM"/>
        <constructor-arg ref="lockService"/>
        <constructor-arg ref="entityRegistry"/>
        <constructor-arg ref="standardModelRegistrator" />
    </bean>

    <bean id="deviceManagementSubSystem" class="org.broadband_forum.obbaa.dm.DeviceManagementSubsystem">
        <constructor-arg ref="schemaRegistry"/>
        <constructor-arg ref="adapterMgr"/>
    </bean>

    <bean id="deviceManagerService" class="org.broadband_forum.obbaa.netconf.mn.fwk.server.model.service.ModelService">
        <property name="moduleName" value="bbf-obbaa-network-manager" />
        <property name="moduleRevision" value="2020-02-19" />
        <property name="defaultSubsystem" ref="deviceManagementSubSystem"/>
        <property name="defaultXmlPath" value="/model/pma/device-manager-default.xml" />
        <property name="modelNodeDSM" ref="annotationBasedDSM" />
        <property name="yangFilePaths">
            <list>
                <value>/yangs/bbf-obbaa-network-manager.yang</value>
                <value>/yangs/ietf-inet-types.yang</value>
                <value>/yangs/ietf-yang-schema-mount.yang</value>
                <value>/yangs/ietf-yang-types.yang</value>
                <value>/yangs/ietf-yang-library@2016-06-21.yang</value>
                <value>/yangs/ietf-datastores@2017-08-17.yang</value>
            </list>
        </property>
        <property name="entityClasses">
            <list>
                <value>org.broadband_forum.obbaa.dmyang.entities.NetworkManager</value>
                <value>org.broadband_forum.obbaa.dmyang.entities.ManagedDevices</value>
                <value>org.broadband_forum.obbaa.dmyang.entities.Device</value>
            </list>
        </property>
    </bean>

    <bean id="deviceDao" class="org.broadband_forum.obbaa.dmyang.dao.impl.DeviceDaoImpl">
        <constructor-arg ref="persistenceMgrUtil"/>
    </bean>

    <bean id="txService" class="org.broadband_forum.obbaa.dmyang.tx.TxService">
    </bean>

    <bean id="dmApp" class="org.broadband_forum.obbaa.netconf.mn.fwk.server.model.SimpleNcyApp" destroy-method="destroy">
        <constructor-arg >
            <list>
                <ref bean="deviceManagerService"/>
            </list>
        </constructor-arg>
        <constructor-arg ref="jpaModelServiceDeployer" />
        <constructor-arg type="java.lang.String" value="Device Manager" />
    </bean>

</beans>
